This file contains any messages produced by compilers while
running configure, to aid debugging if configure makes a mistake.

It was created by ccid configure 1.3.11, which was
generated by GNU Autoconf 2.63.  Invocation command line was

  $ ./configure 

## --------- ##
## Platform. ##
## --------- ##

hostname = raspberrypi
uname -m = armv6l
uname -r = 3.1.9+
uname -s = Linux
uname -v = #138 PREEMPT Tue Jun 26 16:27:52 BST 2012

/usr/bin/uname -p = unknown
/bin/uname -X     = unknown

/bin/arch              = unknown
/usr/bin/arch -k       = unknown
/usr/convex/getsysinfo = unknown
/usr/bin/hostinfo      = unknown
/bin/machine           = unknown
/usr/bin/oslevel       = unknown
/bin/universe          = unknown

PATH: /usr/local/sbin
PATH: /usr/local/bin
PATH: /usr/sbin
PATH: /usr/bin
PATH: /sbin
PATH: /bin


## ----------- ##
## Core tests. ##
## ----------- ##

configure:2138: checking for a BSD-compatible install
configure:2206: result: /usr/bin/install -c
configure:2217: checking whether build environment is sane
configure:2260: result: yes
configure:2285: checking for a thread-safe mkdir -p
configure:2324: result: /bin/mkdir -p
configure:2337: checking for gawk
configure:2367: result: no
configure:2337: checking for mawk
configure:2353: found /usr/bin/mawk
configure:2364: result: mawk
configure:2375: checking whether make sets $(MAKE)
configure:2397: result: yes
configure:2592: checking build system type
configure:2610: result: armv6l-unknown-linux-gnueabi
configure:2632: checking host system type
configure:2647: result: armv6l-unknown-linux-gnueabi
configure:2675: checking whether to enable maintainer-specific portions of Makefiles
configure:2684: result: no
configure:2747: checking for gcc
configure:2763: found /usr/bin/gcc
configure:2774: result: gcc
configure:3006: checking for C compiler version
configure:3014: gcc --version >&5
gcc (Debian 4.4.5-8) 4.4.5
Copyright (C) 2010 Free Software Foundation, Inc.
This is free software; see the source for copying conditions.  There is NO
warranty; not even for MERCHANTABILITY or FITNESS FOR A PARTICULAR PURPOSE.

configure:3018: $? = 0
configure:3025: gcc -v >&5
Using built-in specs.
Target: arm-linux-gnueabi
Configured with: ../src/configure -v --with-pkgversion='Debian 4.4.5-8' --with-bugurl=file:///usr/share/doc/gcc-4.4/README.Bugs --enable-languages=c,c++,fortran,objc,obj-c++ --prefix=/usr --program-suffix=-4.4 --enable-shared --enable-multiarch --enable-linker-build-id --with-system-zlib --libexecdir=/usr/lib --without-included-gettext --enable-threads=posix --with-gxx-include-dir=/usr/include/c++/4.4 --libdir=/usr/lib --enable-nls --enable-clocale=gnu --enable-libstdcxx-debug --enable-objc-gc --disable-sjlj-exceptions --enable-checking=release --build=arm-linux-gnueabi --host=arm-linux-gnueabi --target=arm-linux-gnueabi
Thread model: posix
gcc version 4.4.5 (Debian 4.4.5-8) 
configure:3029: $? = 0
configure:3036: gcc -V >&5
gcc: '-V' option must have argument
configure:3040: $? = 1
configure:3063: checking for C compiler default output file name
configure:3085: gcc    conftest.c  >&5
configure:3089: $? = 0
configure:3127: result: a.out
configure:3146: checking whether the C compiler works
configure:3156: ./a.out
configure:3160: $? = 0
configure:3179: result: yes
configure:3186: checking whether we are cross compiling
configure:3188: result: no
configure:3191: checking for suffix of executables
configure:3198: gcc -o conftest    conftest.c  >&5
configure:3202: $? = 0
configure:3228: result: 
configure:3234: checking for suffix of object files
configure:3260: gcc -c   conftest.c >&5
configure:3264: $? = 0
configure:3289: result: o
configure:3293: checking whether we are using the GNU C compiler
configure:3322: gcc -c   conftest.c >&5
configure:3329: $? = 0
configure:3346: result: yes
configure:3355: checking whether gcc accepts -g
configure:3385: gcc -c -g  conftest.c >&5
configure:3392: $? = 0
configure:3493: result: yes
configure:3510: checking for gcc option to accept ISO C89
configure:3584: gcc  -c -g -O2  conftest.c >&5
configure:3591: $? = 0
configure:3614: result: none needed
configure:3643: checking for style of include used by make
configure:3671: result: GNU
configure:3696: checking dependency style of gcc
configure:3787: result: gcc3
configure:3803: checking whether gcc and cc understand -c and -o together
configure:3838: gcc -c conftest.c -o conftest2.o >&5
configure:3842: $? = 0
configure:3848: gcc -c conftest.c -o conftest2.o >&5
configure:3852: $? = 0
configure:3863: cc -c conftest.c >&5
configure:3867: $? = 0
configure:3875: cc -c conftest.c -o conftest2.o >&5
configure:3879: $? = 0
configure:3885: cc -c conftest.c -o conftest2.o >&5
configure:3889: $? = 0
configure:3907: result: yes
configure:3939: checking how to run the C preprocessor
configure:3979: gcc -E  conftest.c
configure:3986: $? = 0
configure:4017: gcc -E  conftest.c
conftest.c:10:28: error: ac_nonexistent.h: No such file or directory
configure:4024: $? = 1
configure: failed program was:
| /* confdefs.h.  */
| #define PACKAGE_NAME "ccid"
| #define PACKAGE_TARNAME "ccid"
| #define PACKAGE_VERSION "1.3.11"
| #define PACKAGE_STRING "ccid 1.3.11"
| #define PACKAGE_BUGREPORT ""
| #define PACKAGE "ccid"
| #define VERSION "1.3.11"
| /* end confdefs.h.  */
| #include <ac_nonexistent.h>
configure:4057: result: gcc -E
configure:4086: gcc -E  conftest.c
configure:4093: $? = 0
configure:4124: gcc -E  conftest.c
conftest.c:10:28: error: ac_nonexistent.h: No such file or directory
configure:4131: $? = 1
configure: failed program was:
| /* confdefs.h.  */
| #define PACKAGE_NAME "ccid"
| #define PACKAGE_TARNAME "ccid"
| #define PACKAGE_VERSION "1.3.11"
| #define PACKAGE_STRING "ccid 1.3.11"
| #define PACKAGE_BUGREPORT ""
| #define PACKAGE "ccid"
| #define VERSION "1.3.11"
| /* end confdefs.h.  */
| #include <ac_nonexistent.h>
configure:4184: checking for a BSD-compatible install
configure:4252: result: /usr/bin/install -c
configure:4263: checking whether make sets $(MAKE)
configure:4285: result: yes
configure:4294: checking whether ln -s works
configure:4298: result: yes
configure:4310: checking for flex
configure:4340: result: no
configure:4310: checking for lex
configure:4340: result: no
configure:4571: checking for pkg-config
configure:4589: found /usr/bin/pkg-config
configure:4601: result: /usr/bin/pkg-config
configure:4626: checking pkg-config is at least version 0.9.0
configure:4629: result: yes
configure:4642: $PKG_CONFIG --exists --print-errors "libpcsclite"
configure:4645: $? = 0
configure:4649: checking for PCSC
configure:4657: $PKG_CONFIG --exists --print-errors "libpcsclite >= $PCSC_NEEDED_VERSION"
configure:4660: $? = 0
configure:4675: $PKG_CONFIG --exists --print-errors "libpcsclite >= $PCSC_NEEDED_VERSION"
configure:4678: $? = 0
configure:4732: result: yes
configure:4745: checking for grep that handles long lines and -e
configure:4805: result: /bin/grep
configure:4810: checking for egrep
configure:4874: result: /bin/grep -E
configure:4879: checking for ANSI C header files
configure:4909: gcc -c -g -O2  -I/usr/include/PCSC   conftest.c >&5
configure:4916: $? = 0
configure:5015: gcc -o conftest -g -O2  -I/usr/include/PCSC    conftest.c  >&5
configure:5019: $? = 0
configure:5025: ./conftest
configure:5029: $? = 0
configure:5047: result: yes
configure:5071: checking for sys/types.h
configure:5092: gcc -c -g -O2  -I/usr/include/PCSC   conftest.c >&5
configure:5099: $? = 0
configure:5116: result: yes
configure:5071: checking for sys/stat.h
configure:5092: gcc -c -g -O2  -I/usr/include/PCSC   conftest.c >&5
configure:5099: $? = 0
configure:5116: result: yes
configure:5071: checking for stdlib.h
configure:5092: gcc -c -g -O2  -I/usr/include/PCSC   conftest.c >&5
configure:5099: $? = 0
configure:5116: result: yes
configure:5071: checking for string.h
configure:5092: gcc -c -g -O2  -I/usr/include/PCSC   conftest.c >&5
configure:5099: $? = 0
configure:5116: result: yes
configure:5071: checking for memory.h
configure:5092: gcc -c -g -O2  -I/usr/include/PCSC   conftest.c >&5
configure:5099: $? = 0
configure:5116: result: yes
configure:5071: checking for strings.h
configure:5092: gcc -c -g -O2  -I/usr/include/PCSC   conftest.c >&5
configure:5099: $? = 0
configure:5116: result: yes
configure:5071: checking for inttypes.h
configure:5092: gcc -c -g -O2  -I/usr/include/PCSC   conftest.c >&5
configure:5099: $? = 0
configure:5116: result: yes
configure:5071: checking for stdint.h
configure:5092: gcc -c -g -O2  -I/usr/include/PCSC   conftest.c >&5
configure:5099: $? = 0
configure:5116: result: yes
configure:5071: checking for unistd.h
configure:5092: gcc -c -g -O2  -I/usr/include/PCSC   conftest.c >&5
configure:5099: $? = 0
configure:5116: result: yes
configure:5140: checking ifdhandler.h usability
configure:5157: gcc -c -g -O2  -I/usr/include/PCSC   conftest.c >&5
configure:5164: $? = 0
configure:5178: result: yes
configure:5182: checking ifdhandler.h presence
configure:5197: gcc -E  -I/usr/include/PCSC   conftest.c
configure:5204: $? = 0
configure:5218: result: yes
configure:5246: checking for ifdhandler.h
configure:5253: result: yes
configure:5266: checking whether IFD_NO_SUCH_DEVICE is declared
configure:5296: gcc -c -g -O2  -I/usr/include/PCSC   conftest.c >&5
configure:5303: $? = 0
configure:5318: result: yes
configure:5328: checking whether TAG_IFD_POLLING_THREAD is declared
configure:5358: gcc -c -g -O2  -I/usr/include/PCSC   conftest.c >&5
configure:5365: $? = 0
configure:5380: result: yes
configure:5408: checking reader.h usability
configure:5425: gcc -c -g -O2  -I/usr/include/PCSC   conftest.c >&5
configure:5432: $? = 0
configure:5446: result: yes
configure:5450: checking reader.h presence
configure:5465: gcc -E  -I/usr/include/PCSC   conftest.c
configure:5472: $? = 0
configure:5486: result: yes
configure:5514: checking for reader.h
configure:5521: result: yes
configure:5562: checking for a sed that does not truncate output
configure:5628: result: /bin/sed
configure:5646: checking for fgrep
configure:5710: result: /bin/grep -F
configure:5745: checking for ld used by gcc
configure:5812: result: /usr/bin/ld
configure:5821: checking if the linker (/usr/bin/ld) is GNU ld
configure:5836: result: yes
configure:5848: checking for BSD- or MS-compatible name lister (nm)
configure:5897: result: /usr/bin/nm -B
configure:6015: checking the name lister (/usr/bin/nm -B) interface
configure:6022: gcc -c -g -O2  conftest.c >&5
configure:6025: /usr/bin/nm -B "conftest.o"
configure:6028: output
00000000 B some_variable
configure:6035: result: BSD nm
configure:6039: checking the maximum length of command line arguments
configure:6159: result: 1572864
configure:6176: checking whether the shell understands some XSI constructs
configure:6186: result: yes
configure:6190: checking whether the shell understands "+="
configure:6196: result: yes
configure:6231: checking for /usr/bin/ld option to reload object files
configure:6238: result: -r
configure:6307: checking for objdump
configure:6323: found /usr/bin/objdump
configure:6334: result: objdump
configure:6366: checking how to recognize dependent libraries
configure:6562: result: pass_all
configure:6622: checking for ar
configure:6638: found /usr/bin/ar
configure:6649: result: ar
configure:6727: checking for strip
configure:6743: found /usr/bin/strip
configure:6754: result: strip
configure:6826: checking for ranlib
configure:6842: found /usr/bin/ranlib
configure:6853: result: ranlib
configure:6943: checking command to parse /usr/bin/nm -B output from gcc object
configure:7061: gcc -c -g -O2  conftest.c >&5
configure:7064: $? = 0
configure:7068: /usr/bin/nm -B conftest.o \| sed -n -e 's/^.*[	 ]\([ABCDGIRSTW][ABCDGIRSTW]*\)[	 ][	 ]*\([_A-Za-z][_A-Za-z0-9]*\)$/\1 \2 \2/p' \> conftest.nm
configure:7071: $? = 0
configure:7125: gcc -o conftest -g -O2   conftest.c conftstm.o >&5
configure:7128: $? = 0
configure:7166: result: ok
configure:8031: checking for dlfcn.h
configure:8052: gcc -c -g -O2  conftest.c >&5
configure:8059: $? = 0
configure:8076: result: yes
configure:8262: checking for objdir
configure:8277: result: .libs
configure:8573: checking if gcc supports -fno-rtti -fno-exceptions
configure:8591: gcc -c -g -O2  -fno-rtti -fno-exceptions conftest.c >&5
cc1: warning: command line option "-fno-rtti" is valid for C++/ObjC++ but not for C
configure:8595: $? = 0
configure:8608: result: no
configure:8628: checking for gcc option to produce PIC
configure:8900: result: -fPIC -DPIC
configure:8912: checking if gcc PIC flag -fPIC -DPIC works
configure:8930: gcc -c -g -O2  -fPIC -DPIC -DPIC conftest.c >&5
configure:8934: $? = 0
configure:8947: result: yes
configure:8971: checking if gcc static flag -static works
configure:8999: result: yes
configure:9014: checking if gcc supports -c -o file.o
configure:9035: gcc -c -g -O2  -o out/conftest2.o conftest.c >&5
configure:9039: $? = 0
configure:9061: result: yes
configure:9069: checking if gcc supports -c -o file.o
configure:9116: result: yes
configure:9149: checking whether the gcc linker (/usr/bin/ld) supports shared libraries
configure:10227: result: yes
configure:10264: checking whether -lc should be explicitly linked in
configure:10269: gcc -c -g -O2  conftest.c >&5
configure:10272: $? = 0
configure:10287: gcc -shared conftest.o  -v -Wl,-soname -Wl,conftest -o conftest 2\>\&1 \| /bin/grep  -lc  \>/dev/null 2\>\&1
configure:10290: $? = 0
configure:10302: result: no
configure:10466: checking dynamic linker characteristics
configure:10909: gcc -o conftest -g -O2   -Wl,-rpath -Wl,/foo conftest.c  >&5
configure:10916: $? = 0
configure:11161: result: GNU/Linux ld.so
configure:11263: checking how to hardcode library paths into programs
configure:11288: result: immediate
configure:12121: checking whether stripping libraries is possible
configure:12126: result: yes
configure:12161: checking if libtool supports shared libraries
configure:12163: result: yes
configure:12166: checking whether to build shared libraries
configure:12187: result: yes
configure:12190: checking whether to build static libraries
configure:12194: result: yes
configure:12234: checking for ANSI C header files
configure:12402: result: yes
configure:12438: checking errno.h usability
configure:12455: gcc -c -g -O2  conftest.c >&5
configure:12462: $? = 0
configure:12476: result: yes
configure:12480: checking errno.h presence
configure:12495: gcc -E  conftest.c
configure:12502: $? = 0
configure:12516: result: yes
configure:12544: checking for errno.h
configure:12553: result: yes
configure:12438: checking fcntl.h usability
configure:12455: gcc -c -g -O2  conftest.c >&5
configure:12462: $? = 0
configure:12476: result: yes
configure:12480: checking fcntl.h presence
configure:12495: gcc -E  conftest.c
configure:12502: $? = 0
configure:12516: result: yes
configure:12544: checking for fcntl.h
configure:12553: result: yes
configure:12427: checking for stdlib.h
configure:12434: result: yes
configure:12427: checking for unistd.h
configure:12434: result: yes
configure:12438: checking termios.h usability
configure:12455: gcc -c -g -O2  conftest.c >&5
configure:12462: $? = 0
configure:12476: result: yes
configure:12480: checking termios.h presence
configure:12495: gcc -E  conftest.c
configure:12502: $? = 0
configure:12516: result: yes
configure:12544: checking for termios.h
configure:12553: result: yes
configure:12427: checking for string.h
configure:12434: result: yes
configure:12427: checking for errno.h
configure:12434: result: yes
configure:12438: checking sys/time.h usability
configure:12455: gcc -c -g -O2  conftest.c >&5
configure:12462: $? = 0
configure:12476: result: yes
configure:12480: checking sys/time.h presence
configure:12495: gcc -E  conftest.c
configure:12502: $? = 0
configure:12516: result: yes
configure:12544: checking for sys/time.h
configure:12553: result: yes
configure:12427: checking for sys/types.h
configure:12434: result: yes
configure:12438: checking stdarg.h usability
configure:12455: gcc -c -g -O2  conftest.c >&5
configure:12462: $? = 0
configure:12476: result: yes
configure:12480: checking stdarg.h presence
configure:12495: gcc -E  conftest.c
configure:12502: $? = 0
configure:12516: result: yes
configure:12544: checking for stdarg.h
configure:12553: result: yes
configure:12438: checking arpa/inet.h usability
configure:12455: gcc -c -g -O2  conftest.c >&5
configure:12462: $? = 0
configure:12476: result: yes
configure:12480: checking arpa/inet.h presence
configure:12495: gcc -E  conftest.c
configure:12502: $? = 0
configure:12516: result: yes
configure:12544: checking for arpa/inet.h
configure:12553: result: yes
configure:12574: checking for an ANSI C-conforming const
configure:12649: gcc -c -g -O2  conftest.c >&5
configure:12656: $? = 0
configure:12671: result: yes
configure:12681: checking for size_t
configure:12709: gcc -c -g -O2  conftest.c >&5
configure:12716: $? = 0
configure:12743: gcc -c -g -O2  conftest.c >&5
conftest.c: In function 'main':
conftest.c:71: error: expected expression before ')' token
configure:12750: $? = 1
configure: failed program was:
| /* confdefs.h.  */
| #define PACKAGE_NAME "ccid"
| #define PACKAGE_TARNAME "ccid"
| #define PACKAGE_VERSION "1.3.11"
| #define PACKAGE_STRING "ccid 1.3.11"
| #define PACKAGE_BUGREPORT ""
| #define PACKAGE "ccid"
| #define VERSION "1.3.11"
| #define STDC_HEADERS 1
| #define HAVE_SYS_TYPES_H 1
| #define HAVE_SYS_STAT_H 1
| #define HAVE_STDLIB_H 1
| #define HAVE_STRING_H 1
| #define HAVE_MEMORY_H 1
| #define HAVE_STRINGS_H 1
| #define HAVE_INTTYPES_H 1
| #define HAVE_STDINT_H 1
| #define HAVE_UNISTD_H 1
| #define HAVE_DECL_TAG_IFD_POLLING_THREAD 1
| #define HAVE_DLFCN_H 1
| #define LT_OBJDIR ".libs/"
| #define STDC_HEADERS 1
| #define HAVE_ERRNO_H 1
| #define HAVE_FCNTL_H 1
| #define HAVE_STDLIB_H 1
| #define HAVE_UNISTD_H 1
| #define HAVE_TERMIOS_H 1
| #define HAVE_STRING_H 1
| #define HAVE_ERRNO_H 1
| #define HAVE_SYS_TIME_H 1
| #define HAVE_SYS_TYPES_H 1
| #define HAVE_STDARG_H 1
| #define HAVE_ARPA_INET_H 1
| /* end confdefs.h.  */
| #include <stdio.h>
| #ifdef HAVE_SYS_TYPES_H
| # include <sys/types.h>
| #endif
| #ifdef HAVE_SYS_STAT_H
| # include <sys/stat.h>
| #endif
| #ifdef STDC_HEADERS
| # include <stdlib.h>
| # include <stddef.h>
| #else
| # ifdef HAVE_STDLIB_H
| #  include <stdlib.h>
| # endif
| #endif
| #ifdef HAVE_STRING_H
| # if !defined STDC_HEADERS && defined HAVE_MEMORY_H
| #  include <memory.h>
| # endif
| # include <string.h>
| #endif
| #ifdef HAVE_STRINGS_H
| # include <strings.h>
| #endif
| #ifdef HAVE_INTTYPES_H
| # include <inttypes.h>
| #endif
| #ifdef HAVE_STDINT_H
| # include <stdint.h>
| #endif
| #ifdef HAVE_UNISTD_H
| # include <unistd.h>
| #endif
| int
| main ()
| {
| if (sizeof ((size_t)))
| 	  return 0;
|   ;
|   return 0;
| }
configure:12773: result: yes
configure:12785: checking whether time.h and sys/time.h may both be included
configure:12815: gcc -c -g -O2  conftest.c >&5
configure:12822: $? = 0
configure:12837: result: yes
configure:12858: checking for select
configure:12914: gcc -o conftest -g -O2   conftest.c  >&5
configure:12921: $? = 0
configure:12943: result: yes
configure:12858: checking for strerror
configure:12914: gcc -o conftest -g -O2   conftest.c  >&5
configure:12921: $? = 0
configure:12943: result: yes
configure:12858: checking for strncpy
configure:12914: gcc -o conftest -g -O2   conftest.c  >&5
conftest.c:61: warning: conflicting types for built-in function 'strncpy'
configure:12921: $? = 0
configure:12943: result: yes
configure:12858: checking for memcpy
configure:12914: gcc -o conftest -g -O2   conftest.c  >&5
conftest.c:62: warning: conflicting types for built-in function 'memcpy'
configure:12921: $? = 0
configure:12943: result: yes
configure:12858: checking for strlcpy
configure:12914: gcc -o conftest -g -O2   conftest.c  >&5
/tmp/ccj2UVBb.o: In function `main':
/home/pi/ReinerRFID/treiber/ccid-1.3.11/conftest.c:74: undefined reference to `strlcpy'
collect2: ld returned 1 exit status
configure:12921: $? = 1
configure: failed program was:
| /* confdefs.h.  */
| #define PACKAGE_NAME "ccid"
| #define PACKAGE_TARNAME "ccid"
| #define PACKAGE_VERSION "1.3.11"
| #define PACKAGE_STRING "ccid 1.3.11"
| #define PACKAGE_BUGREPORT ""
| #define PACKAGE "ccid"
| #define VERSION "1.3.11"
| #define STDC_HEADERS 1
| #define HAVE_SYS_TYPES_H 1
| #define HAVE_SYS_STAT_H 1
| #define HAVE_STDLIB_H 1
| #define HAVE_STRING_H 1
| #define HAVE_MEMORY_H 1
| #define HAVE_STRINGS_H 1
| #define HAVE_INTTYPES_H 1
| #define HAVE_STDINT_H 1
| #define HAVE_UNISTD_H 1
| #define HAVE_DECL_TAG_IFD_POLLING_THREAD 1
| #define HAVE_DLFCN_H 1
| #define LT_OBJDIR ".libs/"
| #define STDC_HEADERS 1
| #define HAVE_ERRNO_H 1
| #define HAVE_FCNTL_H 1
| #define HAVE_STDLIB_H 1
| #define HAVE_UNISTD_H 1
| #define HAVE_TERMIOS_H 1
| #define HAVE_STRING_H 1
| #define HAVE_ERRNO_H 1
| #define HAVE_SYS_TIME_H 1
| #define HAVE_SYS_TYPES_H 1
| #define HAVE_STDARG_H 1
| #define HAVE_ARPA_INET_H 1
| #define TIME_WITH_SYS_TIME 1
| #define HAVE_SELECT 1
| #define HAVE_STRERROR 1
| #define HAVE_STRNCPY 1
| #define HAVE_MEMCPY 1
| /* end confdefs.h.  */
| /* Define strlcpy to an innocuous variant, in case <limits.h> declares strlcpy.
|    For example, HP-UX 11i <limits.h> declares gettimeofday.  */
| #define strlcpy innocuous_strlcpy
| 
| /* System header to define __stub macros and hopefully few prototypes,
|     which can conflict with char strlcpy (); below.
|     Prefer <limits.h> to <assert.h> if __STDC__ is defined, since
|     <limits.h> exists even on freestanding compilers.  */
| 
| #ifdef __STDC__
| # include <limits.h>
| #else
| # include <assert.h>
| #endif
| 
| #undef strlcpy
| 
| /* Override any GCC internal prototype to avoid an error.
|    Use char because int might match the return type of a GCC
|    builtin and then its argument prototype would still apply.  */
| #ifdef __cplusplus
| extern "C"
| #endif
| char strlcpy ();
| /* The GNU C library defines this for functions which it implements
|     to always fail with ENOSYS.  Some functions are actually named
|     something starting with __ and the normal name is an alias.  */
| #if defined __stub_strlcpy || defined __stub___strlcpy
| choke me
| #endif
| 
| int
| main ()
| {
| return strlcpy ();
|   ;
|   return 0;
| }
configure:12943: result: no
configure:12858: checking for strlcat
configure:12914: gcc -o conftest -g -O2   conftest.c  >&5
/tmp/ccq5sLoP.o: In function `main':
/home/pi/ReinerRFID/treiber/ccid-1.3.11/conftest.c:74: undefined reference to `strlcat'
collect2: ld returned 1 exit status
configure:12921: $? = 1
configure: failed program was:
| /* confdefs.h.  */
| #define PACKAGE_NAME "ccid"
| #define PACKAGE_TARNAME "ccid"
| #define PACKAGE_VERSION "1.3.11"
| #define PACKAGE_STRING "ccid 1.3.11"
| #define PACKAGE_BUGREPORT ""
| #define PACKAGE "ccid"
| #define VERSION "1.3.11"
| #define STDC_HEADERS 1
| #define HAVE_SYS_TYPES_H 1
| #define HAVE_SYS_STAT_H 1
| #define HAVE_STDLIB_H 1
| #define HAVE_STRING_H 1
| #define HAVE_MEMORY_H 1
| #define HAVE_STRINGS_H 1
| #define HAVE_INTTYPES_H 1
| #define HAVE_STDINT_H 1
| #define HAVE_UNISTD_H 1
| #define HAVE_DECL_TAG_IFD_POLLING_THREAD 1
| #define HAVE_DLFCN_H 1
| #define LT_OBJDIR ".libs/"
| #define STDC_HEADERS 1
| #define HAVE_ERRNO_H 1
| #define HAVE_FCNTL_H 1
| #define HAVE_STDLIB_H 1
| #define HAVE_UNISTD_H 1
| #define HAVE_TERMIOS_H 1
| #define HAVE_STRING_H 1
| #define HAVE_ERRNO_H 1
| #define HAVE_SYS_TIME_H 1
| #define HAVE_SYS_TYPES_H 1
| #define HAVE_STDARG_H 1
| #define HAVE_ARPA_INET_H 1
| #define TIME_WITH_SYS_TIME 1
| #define HAVE_SELECT 1
| #define HAVE_STRERROR 1
| #define HAVE_STRNCPY 1
| #define HAVE_MEMCPY 1
| /* end confdefs.h.  */
| /* Define strlcat to an innocuous variant, in case <limits.h> declares strlcat.
|    For example, HP-UX 11i <limits.h> declares gettimeofday.  */
| #define strlcat innocuous_strlcat
| 
| /* System header to define __stub macros and hopefully few prototypes,
|     which can conflict with char strlcat (); below.
|     Prefer <limits.h> to <assert.h> if __STDC__ is defined, since
|     <limits.h> exists even on freestanding compilers.  */
| 
| #ifdef __STDC__
| # include <limits.h>
| #else
| # include <assert.h>
| #endif
| 
| #undef strlcat
| 
| /* Override any GCC internal prototype to avoid an error.
|    Use char because int might match the return type of a GCC
|    builtin and then its argument prototype would still apply.  */
| #ifdef __cplusplus
| extern "C"
| #endif
| char strlcat ();
| /* The GNU C library defines this for functions which it implements
|     to always fail with ENOSYS.  Some functions are actually named
|     something starting with __ and the normal name is an alias.  */
| #if defined __stub_strlcat || defined __stub___strlcat
| choke me
| #endif
| 
| int
| main ()
| {
| return strlcat ();
|   ;
|   return 0;
| }
configure:12943: result: no
configure:12999: $PKG_CONFIG --exists --print-errors "libusb"
configure:13002: $? = 0
configure:13007: checking for LIBUSB
configure:13015: $PKG_CONFIG --exists --print-errors "libusb"
configure:13018: $? = 0
configure:13033: $PKG_CONFIG --exists --print-errors "libusb"
configure:13036: $? = 0
configure:13164: result: yes
configure:13193: checking usb.h usability
configure:13210: gcc -c -g -O2    conftest.c >&5
configure:13217: $? = 0
configure:13231: result: yes
configure:13235: checking usb.h presence
configure:13250: gcc -E    conftest.c
configure:13257: $? = 0
configure:13271: result: yes
configure:13299: checking for usb.h
configure:13308: result: yes
configure:13328: checking for usb_init
configure:13358: gcc -o conftest -g -O2     conftest.c  -lusb   >&5
configure:13365: $? = 0
configure:13373: result: yes
configure:13388: checking for usb_interrupt_read
configure:13418: gcc -o conftest -g -O2     conftest.c  -lusb   >&5
configure:13425: $? = 0
configure:13433: result: yes
configure:13448: checking for usb_detach_kernel_driver_np
configure:13504: gcc -o conftest -g -O2     conftest.c  -lusb   >&5
configure:13511: $? = 0
configure:13531: result: yes
configure:13547: checking if libusb is emulated by libusb-compat
configure:13556: result: no
configure:13606: checking for -fvisibility=hidden
configure:13617: gcc -c -g -O2 -fvisibility=hidden  conftest.c >&5
configure:13624: $? = 0
configure:13629: result: yes
configure:13850: checking for the pthreads library -lpthreads
configure:13893: gcc -o conftest -g -O2    conftest.c -lpthreads  >&5
/usr/bin/ld: cannot find -lpthreads
collect2: ld returned 1 exit status
configure:13900: $? = 1
configure: failed program was:
| /* confdefs.h.  */
| #define PACKAGE_NAME "ccid"
| #define PACKAGE_TARNAME "ccid"
| #define PACKAGE_VERSION "1.3.11"
| #define PACKAGE_STRING "ccid 1.3.11"
| #define PACKAGE_BUGREPORT ""
| #define PACKAGE "ccid"
| #define VERSION "1.3.11"
| #define STDC_HEADERS 1
| #define HAVE_SYS_TYPES_H 1
| #define HAVE_SYS_STAT_H 1
| #define HAVE_STDLIB_H 1
| #define HAVE_STRING_H 1
| #define HAVE_MEMORY_H 1
| #define HAVE_STRINGS_H 1
| #define HAVE_INTTYPES_H 1
| #define HAVE_STDINT_H 1
| #define HAVE_UNISTD_H 1
| #define HAVE_DECL_TAG_IFD_POLLING_THREAD 1
| #define HAVE_DLFCN_H 1
| #define LT_OBJDIR ".libs/"
| #define STDC_HEADERS 1
| #define HAVE_ERRNO_H 1
| #define HAVE_FCNTL_H 1
| #define HAVE_STDLIB_H 1
| #define HAVE_UNISTD_H 1
| #define HAVE_TERMIOS_H 1
| #define HAVE_STRING_H 1
| #define HAVE_ERRNO_H 1
| #define HAVE_SYS_TIME_H 1
| #define HAVE_SYS_TYPES_H 1
| #define HAVE_STDARG_H 1
| #define HAVE_ARPA_INET_H 1
| #define TIME_WITH_SYS_TIME 1
| #define HAVE_SELECT 1
| #define HAVE_STRERROR 1
| #define HAVE_STRNCPY 1
| #define HAVE_MEMCPY 1
| #define HAVE_USB_H 1
| #define HAVE_USB_DETACH_KERNEL_DRIVER_NP 1
| /* end confdefs.h.  */
| #include <pthread.h>
| int
| main ()
| {
| pthread_t th; pthread_join(th, 0);
|                      pthread_attr_init(0); pthread_cleanup_push(0, 0);
|                      pthread_create(0,0,0,0); pthread_cleanup_pop(0);
|   ;
|   return 0;
| }
configure:13923: result: no
configure:13795: checking whether pthreads work without any flags
configure:13893: gcc -o conftest -g -O2    conftest.c   >&5
/tmp/ccl1w6jm.o: In function `main':
/home/pi/ReinerRFID/treiber/ccid-1.3.11/conftest.c:46: undefined reference to `pthread_join'
/home/pi/ReinerRFID/treiber/ccid-1.3.11/conftest.c:47: undefined reference to `__pthread_register_cancel'
/home/pi/ReinerRFID/treiber/ccid-1.3.11/conftest.c:48: undefined reference to `pthread_create'
/home/pi/ReinerRFID/treiber/ccid-1.3.11/conftest.c:48: undefined reference to `__pthread_unregister_cancel'
collect2: ld returned 1 exit status
configure:13900: $? = 1
configure: failed program was:
| /* confdefs.h.  */
| #define PACKAGE_NAME "ccid"
| #define PACKAGE_TARNAME "ccid"
| #define PACKAGE_VERSION "1.3.11"
| #define PACKAGE_STRING "ccid 1.3.11"
| #define PACKAGE_BUGREPORT ""
| #define PACKAGE "ccid"
| #define VERSION "1.3.11"
| #define STDC_HEADERS 1
| #define HAVE_SYS_TYPES_H 1
| #define HAVE_SYS_STAT_H 1
| #define HAVE_STDLIB_H 1
| #define HAVE_STRING_H 1
| #define HAVE_MEMORY_H 1
| #define HAVE_STRINGS_H 1
| #define HAVE_INTTYPES_H 1
| #define HAVE_STDINT_H 1
| #define HAVE_UNISTD_H 1
| #define HAVE_DECL_TAG_IFD_POLLING_THREAD 1
| #define HAVE_DLFCN_H 1
| #define LT_OBJDIR ".libs/"
| #define STDC_HEADERS 1
| #define HAVE_ERRNO_H 1
| #define HAVE_FCNTL_H 1
| #define HAVE_STDLIB_H 1
| #define HAVE_UNISTD_H 1
| #define HAVE_TERMIOS_H 1
| #define HAVE_STRING_H 1
| #define HAVE_ERRNO_H 1
| #define HAVE_SYS_TIME_H 1
| #define HAVE_SYS_TYPES_H 1
| #define HAVE_STDARG_H 1
| #define HAVE_ARPA_INET_H 1
| #define TIME_WITH_SYS_TIME 1
| #define HAVE_SELECT 1
| #define HAVE_STRERROR 1
| #define HAVE_STRNCPY 1
| #define HAVE_MEMCPY 1
| #define HAVE_USB_H 1
| #define HAVE_USB_DETACH_KERNEL_DRIVER_NP 1
| /* end confdefs.h.  */
| #include <pthread.h>
| int
| main ()
| {
| pthread_t th; pthread_join(th, 0);
|                      pthread_attr_init(0); pthread_cleanup_push(0, 0);
|                      pthread_create(0,0,0,0); pthread_cleanup_pop(0);
|   ;
|   return 0;
| }
configure:13923: result: no
configure:13800: checking whether pthreads work with -Kthread
configure:13893: gcc -o conftest -g -O2 -Kthread   conftest.c   >&5
gcc: unrecognized option '-Kthread'
/tmp/ccD3hSxc.o: In function `main':
/home/pi/ReinerRFID/treiber/ccid-1.3.11/conftest.c:46: undefined reference to `pthread_join'
/home/pi/ReinerRFID/treiber/ccid-1.3.11/conftest.c:47: undefined reference to `__pthread_register_cancel'
/home/pi/ReinerRFID/treiber/ccid-1.3.11/conftest.c:48: undefined reference to `pthread_create'
/home/pi/ReinerRFID/treiber/ccid-1.3.11/conftest.c:48: undefined reference to `__pthread_unregister_cancel'
collect2: ld returned 1 exit status
configure:13900: $? = 1
configure: failed program was:
| /* confdefs.h.  */
| #define PACKAGE_NAME "ccid"
| #define PACKAGE_TARNAME "ccid"
| #define PACKAGE_VERSION "1.3.11"
| #define PACKAGE_STRING "ccid 1.3.11"
| #define PACKAGE_BUGREPORT ""
| #define PACKAGE "ccid"
| #define VERSION "1.3.11"
| #define STDC_HEADERS 1
| #define HAVE_SYS_TYPES_H 1
| #define HAVE_SYS_STAT_H 1
| #define HAVE_STDLIB_H 1
| #define HAVE_STRING_H 1
| #define HAVE_MEMORY_H 1
| #define HAVE_STRINGS_H 1
| #define HAVE_INTTYPES_H 1
| #define HAVE_STDINT_H 1
| #define HAVE_UNISTD_H 1
| #define HAVE_DECL_TAG_IFD_POLLING_THREAD 1
| #define HAVE_DLFCN_H 1
| #define LT_OBJDIR ".libs/"
| #define STDC_HEADERS 1
| #define HAVE_ERRNO_H 1
| #define HAVE_FCNTL_H 1
| #define HAVE_STDLIB_H 1
| #define HAVE_UNISTD_H 1
| #define HAVE_TERMIOS_H 1
| #define HAVE_STRING_H 1
| #define HAVE_ERRNO_H 1
| #define HAVE_SYS_TIME_H 1
| #define HAVE_SYS_TYPES_H 1
| #define HAVE_STDARG_H 1
| #define HAVE_ARPA_INET_H 1
| #define TIME_WITH_SYS_TIME 1
| #define HAVE_SELECT 1
| #define HAVE_STRERROR 1
| #define HAVE_STRNCPY 1
| #define HAVE_MEMCPY 1
| #define HAVE_USB_H 1
| #define HAVE_USB_DETACH_KERNEL_DRIVER_NP 1
| /* end confdefs.h.  */
| #include <pthread.h>
| int
| main ()
| {
| pthread_t th; pthread_join(th, 0);
|                      pthread_attr_init(0); pthread_cleanup_push(0, 0);
|                      pthread_create(0,0,0,0); pthread_cleanup_pop(0);
|   ;
|   return 0;
| }
configure:13923: result: no
configure:13800: checking whether pthreads work with -kthread
configure:13893: gcc -o conftest -g -O2 -kthread   conftest.c   >&5
gcc: unrecognized option '-kthread'
/tmp/ccPAo58Z.o: In function `main':
/home/pi/ReinerRFID/treiber/ccid-1.3.11/conftest.c:46: undefined reference to `pthread_join'
/home/pi/ReinerRFID/treiber/ccid-1.3.11/conftest.c:47: undefined reference to `__pthread_register_cancel'
/home/pi/ReinerRFID/treiber/ccid-1.3.11/conftest.c:48: undefined reference to `pthread_create'
/home/pi/ReinerRFID/treiber/ccid-1.3.11/conftest.c:48: undefined reference to `__pthread_unregister_cancel'
collect2: ld returned 1 exit status
configure:13900: $? = 1
configure: failed program was:
| /* confdefs.h.  */
| #define PACKAGE_NAME "ccid"
| #define PACKAGE_TARNAME "ccid"
| #define PACKAGE_VERSION "1.3.11"
| #define PACKAGE_STRING "ccid 1.3.11"
| #define PACKAGE_BUGREPORT ""
| #define PACKAGE "ccid"
| #define VERSION "1.3.11"
| #define STDC_HEADERS 1
| #define HAVE_SYS_TYPES_H 1
| #define HAVE_SYS_STAT_H 1
| #define HAVE_STDLIB_H 1
| #define HAVE_STRING_H 1
| #define HAVE_MEMORY_H 1
| #define HAVE_STRINGS_H 1
| #define HAVE_INTTYPES_H 1
| #define HAVE_STDINT_H 1
| #define HAVE_UNISTD_H 1
| #define HAVE_DECL_TAG_IFD_POLLING_THREAD 1
| #define HAVE_DLFCN_H 1
| #define LT_OBJDIR ".libs/"
| #define STDC_HEADERS 1
| #define HAVE_ERRNO_H 1
| #define HAVE_FCNTL_H 1
| #define HAVE_STDLIB_H 1
| #define HAVE_UNISTD_H 1
| #define HAVE_TERMIOS_H 1
| #define HAVE_STRING_H 1
| #define HAVE_ERRNO_H 1
| #define HAVE_SYS_TIME_H 1
| #define HAVE_SYS_TYPES_H 1
| #define HAVE_STDARG_H 1
| #define HAVE_ARPA_INET_H 1
| #define TIME_WITH_SYS_TIME 1
| #define HAVE_SELECT 1
| #define HAVE_STRERROR 1
| #define HAVE_STRNCPY 1
| #define HAVE_MEMCPY 1
| #define HAVE_USB_H 1
| #define HAVE_USB_DETACH_KERNEL_DRIVER_NP 1
| /* end confdefs.h.  */
| #include <pthread.h>
| int
| main ()
| {
| pthread_t th; pthread_join(th, 0);
|                      pthread_attr_init(0); pthread_cleanup_push(0, 0);
|                      pthread_create(0,0,0,0); pthread_cleanup_pop(0);
|   ;
|   return 0;
| }
configure:13923: result: no
configure:13850: checking for the pthreads library -llthread
configure:13893: gcc -o conftest -g -O2    conftest.c -llthread  >&5
/usr/bin/ld: cannot find -llthread
collect2: ld returned 1 exit status
configure:13900: $? = 1
configure: failed program was:
| /* confdefs.h.  */
| #define PACKAGE_NAME "ccid"
| #define PACKAGE_TARNAME "ccid"
| #define PACKAGE_VERSION "1.3.11"
| #define PACKAGE_STRING "ccid 1.3.11"
| #define PACKAGE_BUGREPORT ""
| #define PACKAGE "ccid"
| #define VERSION "1.3.11"
| #define STDC_HEADERS 1
| #define HAVE_SYS_TYPES_H 1
| #define HAVE_SYS_STAT_H 1
| #define HAVE_STDLIB_H 1
| #define HAVE_STRING_H 1
| #define HAVE_MEMORY_H 1
| #define HAVE_STRINGS_H 1
| #define HAVE_INTTYPES_H 1
| #define HAVE_STDINT_H 1
| #define HAVE_UNISTD_H 1
| #define HAVE_DECL_TAG_IFD_POLLING_THREAD 1
| #define HAVE_DLFCN_H 1
| #define LT_OBJDIR ".libs/"
| #define STDC_HEADERS 1
| #define HAVE_ERRNO_H 1
| #define HAVE_FCNTL_H 1
| #define HAVE_STDLIB_H 1
| #define HAVE_UNISTD_H 1
| #define HAVE_TERMIOS_H 1
| #define HAVE_STRING_H 1
| #define HAVE_ERRNO_H 1
| #define HAVE_SYS_TIME_H 1
| #define HAVE_SYS_TYPES_H 1
| #define HAVE_STDARG_H 1
| #define HAVE_ARPA_INET_H 1
| #define TIME_WITH_SYS_TIME 1
| #define HAVE_SELECT 1
| #define HAVE_STRERROR 1
| #define HAVE_STRNCPY 1
| #define HAVE_MEMCPY 1
| #define HAVE_USB_H 1
| #define HAVE_USB_DETACH_KERNEL_DRIVER_NP 1
| /* end confdefs.h.  */
| #include <pthread.h>
| int
| main ()
| {
| pthread_t th; pthread_join(th, 0);
|                      pthread_attr_init(0); pthread_cleanup_push(0, 0);
|                      pthread_create(0,0,0,0); pthread_cleanup_pop(0);
|   ;
|   return 0;
| }
configure:13923: result: no
configure:13800: checking whether pthreads work with -pthread
configure:13893: gcc -o conftest -g -O2 -pthread   conftest.c   >&5
configure:13900: $? = 0
configure:13923: result: yes
configure:13942: checking for joinable pthread attribute
configure:13967: gcc -o conftest -g -O2 -pthread   conftest.c   >&5
configure:13974: $? = 0
configure:13994: result: PTHREAD_CREATE_JOINABLE
configure:14004: checking if more special flags are required for pthreads
configure:14011: result: no
configure:14185: checking for SCardEstablishContext
configure:14215: gcc -o conftest -g -O2 -I/usr/include/PCSC     conftest.c  -lpcsclite   >&5
configure:14222: $? = 0
configure:14230: result: yes
configure:14492: creating ./config.status

## ---------------------- ##
## Running config.status. ##
## ---------------------- ##

This file was extended by ccid config.status 1.3.11, which was
generated by GNU Autoconf 2.63.  Invocation command line was

  CONFIG_FILES    = 
  CONFIG_HEADERS  = 
  CONFIG_LINKS    = 
  CONFIG_COMMANDS = 
  $ ./config.status 

on raspberrypi

config.status:1044: creating Makefile
config.status:1044: creating m4/Makefile
config.status:1044: creating src/Makefile
config.status:1044: creating readers/Makefile
config.status:1044: creating contrib/Makefile
config.status:1044: creating contrib/Kobil_mIDentity_switch/Makefile
config.status:1044: creating contrib/RSA_SecurID/Makefile
config.status:1044: creating examples/Makefile
config.status:1044: creating config.h
config.status:1318: executing depfiles commands
config.status:1318: executing libtool commands

## ---------------- ##
## Cache variables. ##
## ---------------- ##

ac_cv_build=armv6l-unknown-linux-gnueabi
ac_cv_c_compiler_gnu=yes
ac_cv_c_const=yes
ac_cv_env_CC_set=
ac_cv_env_CC_value=
ac_cv_env_CFLAGS_set=
ac_cv_env_CFLAGS_value=
ac_cv_env_CPPFLAGS_set=
ac_cv_env_CPPFLAGS_value=
ac_cv_env_CPP_set=
ac_cv_env_CPP_value=
ac_cv_env_LDFLAGS_set=
ac_cv_env_LDFLAGS_value=
ac_cv_env_LIBS_set=
ac_cv_env_LIBS_value=
ac_cv_env_LIBUSB_CFLAGS_set=
ac_cv_env_LIBUSB_CFLAGS_value=
ac_cv_env_LIBUSB_LIBS_set=
ac_cv_env_LIBUSB_LIBS_value=
ac_cv_env_PCSC_CFLAGS_set=
ac_cv_env_PCSC_CFLAGS_value=
ac_cv_env_PCSC_LIBS_set=
ac_cv_env_PCSC_LIBS_value=
ac_cv_env_PKG_CONFIG_set=
ac_cv_env_PKG_CONFIG_value=
ac_cv_env_build_alias_set=
ac_cv_env_build_alias_value=
ac_cv_env_host_alias_set=
ac_cv_env_host_alias_value=
ac_cv_env_target_alias_set=
ac_cv_env_target_alias_value=
ac_cv_func_memcpy=yes
ac_cv_func_select=yes
ac_cv_func_strerror=yes
ac_cv_func_strlcat=no
ac_cv_func_strlcpy=no
ac_cv_func_strncpy=yes
ac_cv_func_usb_detach_kernel_driver_np=yes
ac_cv_have_decl_IFD_NO_SUCH_DEVICE=yes
ac_cv_have_decl_TAG_IFD_POLLING_THREAD=yes
ac_cv_header_arpa_inet_h=yes
ac_cv_header_dlfcn_h=yes
ac_cv_header_errno_h=yes
ac_cv_header_fcntl_h=yes
ac_cv_header_ifdhandler_h=yes
ac_cv_header_inttypes_h=yes
ac_cv_header_memory_h=yes
ac_cv_header_reader_h=yes
ac_cv_header_stdarg_h=yes
ac_cv_header_stdc=yes
ac_cv_header_stdint_h=yes
ac_cv_header_stdlib_h=yes
ac_cv_header_string_h=yes
ac_cv_header_strings_h=yes
ac_cv_header_sys_stat_h=yes
ac_cv_header_sys_time_h=yes
ac_cv_header_sys_types_h=yes
ac_cv_header_termios_h=yes
ac_cv_header_time=yes
ac_cv_header_unistd_h=yes
ac_cv_header_usb_h=yes
ac_cv_host=armv6l-unknown-linux-gnueabi
ac_cv_objext=o
ac_cv_path_EGREP='/bin/grep -E'
ac_cv_path_FGREP='/bin/grep -F'
ac_cv_path_GREP=/bin/grep
ac_cv_path_SED=/bin/sed
ac_cv_path_ac_pt_PKG_CONFIG=/usr/bin/pkg-config
ac_cv_path_install='/usr/bin/install -c'
ac_cv_path_mkdir=/bin/mkdir
ac_cv_prog_AWK=mawk
ac_cv_prog_CPP='gcc -E'
ac_cv_prog_ac_ct_AR=ar
ac_cv_prog_ac_ct_CC=gcc
ac_cv_prog_ac_ct_OBJDUMP=objdump
ac_cv_prog_ac_ct_RANLIB=ranlib
ac_cv_prog_ac_ct_STRIP=strip
ac_cv_prog_cc_c89=
ac_cv_prog_cc_g=yes
ac_cv_prog_cc_gcc_c_o=yes
ac_cv_prog_make_make_set=yes
ac_cv_type_size_t=yes
am_cv_CC_dependencies_compiler_type=gcc3
lt_cv_deplibs_check_method=pass_all
lt_cv_file_magic_cmd='$MAGIC_CMD'
lt_cv_file_magic_test_file=
lt_cv_ld_reload_flag=-r
lt_cv_nm_interface='BSD nm'
lt_cv_objdir=.libs
lt_cv_path_LD=/usr/bin/ld
lt_cv_path_NM='/usr/bin/nm -B'
lt_cv_prog_compiler_c_o=yes
lt_cv_prog_compiler_pic_works=yes
lt_cv_prog_compiler_rtti_exceptions=no
lt_cv_prog_compiler_static_works=yes
lt_cv_prog_gnu_ld=yes
lt_cv_sys_global_symbol_pipe='sed -n -e '\''s/^.*[	 ]\([ABCDGIRSTW][ABCDGIRSTW]*\)[	 ][	 ]*\([_A-Za-z][_A-Za-z0-9]*\)$/\1 \2 \2/p'\'''
lt_cv_sys_global_symbol_to_c_name_address='sed -n -e '\''s/^: \([^ ]*\) $/  {\"\1\", (void *) 0},/p'\'' -e '\''s/^[ABCDGIRSTW]* \([^ ]*\) \([^ ]*\)$/  {"\2", (void *) \&\2},/p'\'''
lt_cv_sys_global_symbol_to_c_name_address_lib_prefix='sed -n -e '\''s/^: \([^ ]*\) $/  {\"\1\", (void *) 0},/p'\'' -e '\''s/^[ABCDGIRSTW]* \([^ ]*\) \(lib[^ ]*\)$/  {"\2", (void *) \&\2},/p'\'' -e '\''s/^[ABCDGIRSTW]* \([^ ]*\) \([^ ]*\)$/  {"lib\2", (void *) \&\2},/p'\'''
lt_cv_sys_global_symbol_to_cdecl='sed -n -e '\''s/^T .* \(.*\)$/extern int \1();/p'\'' -e '\''s/^[ABCDGIRSTW]* .* \(.*\)$/extern char \1;/p'\'''
lt_cv_sys_max_cmd_len=1572864
pkg_cv_LIBUSB_CFLAGS=' '
pkg_cv_LIBUSB_LIBS='-lusb  '
pkg_cv_PCSC_CFLAGS='-I/usr/include/PCSC  '
pkg_cv_PCSC_LIBS='-lpcsclite  '

## ----------------- ##
## Output variables. ##
## ----------------- ##

ACLOCAL='${SHELL} /home/pi/ReinerRFID/treiber/ccid-1.3.11/missing --run aclocal-1.10'
AMDEPBACKSLASH='\'
AMDEP_FALSE='#'
AMDEP_TRUE=''
AMTAR='${SHELL} /home/pi/ReinerRFID/treiber/ccid-1.3.11/missing --run tar'
AR='ar'
AUTOCONF='${SHELL} /home/pi/ReinerRFID/treiber/ccid-1.3.11/missing --run autoconf'
AUTOHEADER='${SHELL} /home/pi/ReinerRFID/treiber/ccid-1.3.11/missing --run autoheader'
AUTOMAKE='${SHELL} /home/pi/ReinerRFID/treiber/ccid-1.3.11/missing --run automake-1.10'
AWK='mawk'
BUNDLE_HOST='Linux'
CC='gcc'
CCDEPMODE='depmode=gcc3'
CFLAGS='-g -O2'
CPP='gcc -E'
CPPFLAGS=''
CYGPATH_W='echo'
DEFS='-DHAVE_CONFIG_H'
DEPDIR='.deps'
DSYMUTIL=''
DUMPBIN=''
DYN_LIB_EXT='so'
ECHO_C=''
ECHO_N='-n'
ECHO_T=''
EGREP='/bin/grep -E'
EXEEXT=''
FGREP='/bin/grep -F'
GREP='/bin/grep'
INSTALL_DATA='${INSTALL} -m 644'
INSTALL_PROGRAM='${INSTALL}'
INSTALL_SCRIPT='${INSTALL}'
INSTALL_STRIP_PROGRAM='$(install_sh) -c -s'
LD='/usr/bin/ld'
LDFLAGS=''
LEX='${SHELL} /home/pi/ReinerRFID/treiber/ccid-1.3.11/missing --run flex'
LEXLIB=''
LEX_OUTPUT_ROOT=''
LIBOBJS=''
LIBS=''
LIBTOOL='$(SHELL) $(top_builddir)/libtool'
LIBTOOL_DEPS='./ltmain.sh'
LIBUSBCONFIG=''
LIBUSB_CFLAGS=' '
LIBUSB_LIBS='-lusb  '
LIPO=''
LN_S='ln -s'
LTLIBOBJS=''
MAINT='#'
MAINTAINER_MODE_FALSE=''
MAINTAINER_MODE_TRUE='#'
MAKEINFO='${SHELL} /home/pi/ReinerRFID/treiber/ccid-1.3.11/missing --run makeinfo'
MKDIR_P='/bin/mkdir -p'
NM='/usr/bin/nm -B'
NMEDIT=''
NOCLASS=''
OBJDUMP='objdump'
OBJEXT='o'
OTOOL64=''
OTOOL=''
PACKAGE='ccid'
PACKAGE_BUGREPORT=''
PACKAGE_NAME='ccid'
PACKAGE_STRING='ccid 1.3.11'
PACKAGE_TARNAME='ccid'
PACKAGE_VERSION='1.3.11'
PATH_SEPARATOR=':'
PCSC_CFLAGS='-I/usr/include/PCSC  '
PCSC_LIBS='-lpcsclite  '
PKG_CONFIG='/usr/bin/pkg-config'
PTHREAD_CC='gcc'
PTHREAD_CFLAGS='-pthread'
PTHREAD_LIBS=''
RANLIB='ranlib'
SED='/bin/sed'
SET_MAKE=''
SHELL='/bin/bash'
STRIP='strip'
SYMBOL_VISIBILITY='-fvisibility=hidden'
UDEV_FALSE=''
UDEV_TRUE='#'
VERSION='1.3.11'
WITHOUT_PCSC_FALSE=''
WITHOUT_PCSC_TRUE='#'
WITH_LIBUSB_FALSE='#'
WITH_LIBUSB_TRUE=''
WITH_TWIN_SERIAL_FALSE=''
WITH_TWIN_SERIAL_TRUE='#'
ac_aux_dir='.'
ac_ct_CC='gcc'
ac_ct_DUMPBIN=''
acx_pthread_config=''
am__fastdepCC_FALSE='#'
am__fastdepCC_TRUE=''
am__include='include'
am__isrc=''
am__leading_dot='.'
am__quote=''
am__tar='${AMTAR} chof - "$$tardir"'
am__untar='${AMTAR} xf -'
bindir='${exec_prefix}/bin'
build='armv6l-unknown-linux-gnueabi'
build_alias=''
build_cpu='armv6l'
build_os='linux-gnueabi'
build_vendor='unknown'
bundle='ifd-ccid.bundle'
ccidtwindir='/usr/lib/pcsc/drivers/serial'
datadir='${datarootdir}'
datarootdir='${prefix}/share'
docdir='${datarootdir}/doc/${PACKAGE_TARNAME}'
dvidir='${docdir}'
exec_prefix='${prefix}'
host='armv6l-unknown-linux-gnueabi'
host_alias=''
host_cpu='armv6l'
host_os='linux-gnueabi'
host_vendor='unknown'
htmldir='${docdir}'
includedir='${prefix}/include'
infodir='${datarootdir}/info'
install_sh='$(SHELL) /home/pi/ReinerRFID/treiber/ccid-1.3.11/install-sh'
libdir='${exec_prefix}/lib'
libexecdir='${exec_prefix}/libexec'
localedir='${datarootdir}/locale'
localstatedir='${prefix}/var'
lt_ECHO='echo'
mandir='${datarootdir}/man'
mkdir_p='/bin/mkdir -p'
oldincludedir='/usr/include'
pdfdir='${docdir}'
prefix='/usr/local'
program_transform_name='s,x,x,'
psdir='${docdir}'
sbindir='${exec_prefix}/sbin'
sharedstatedir='${prefix}/com'
sysconfdir='${prefix}/etc'
target_alias=''
usbdropdir='/usr/lib/pcsc/drivers'

## ----------- ##
## confdefs.h. ##
## ----------- ##

#define PACKAGE_NAME "ccid"
#define PACKAGE_TARNAME "ccid"
#define PACKAGE_VERSION "1.3.11"
#define PACKAGE_STRING "ccid 1.3.11"
#define PACKAGE_BUGREPORT ""
#define PACKAGE "ccid"
#define VERSION "1.3.11"
#define STDC_HEADERS 1
#define HAVE_SYS_TYPES_H 1
#define HAVE_SYS_STAT_H 1
#define HAVE_STDLIB_H 1
#define HAVE_STRING_H 1
#define HAVE_MEMORY_H 1
#define HAVE_STRINGS_H 1
#define HAVE_INTTYPES_H 1
#define HAVE_STDINT_H 1
#define HAVE_UNISTD_H 1
#define HAVE_DECL_TAG_IFD_POLLING_THREAD 1
#define HAVE_DLFCN_H 1
#define LT_OBJDIR ".libs/"
#define STDC_HEADERS 1
#define HAVE_ERRNO_H 1
#define HAVE_FCNTL_H 1
#define HAVE_STDLIB_H 1
#define HAVE_UNISTD_H 1
#define HAVE_TERMIOS_H 1
#define HAVE_STRING_H 1
#define HAVE_ERRNO_H 1
#define HAVE_SYS_TIME_H 1
#define HAVE_SYS_TYPES_H 1
#define HAVE_STDARG_H 1
#define HAVE_ARPA_INET_H 1
#define TIME_WITH_SYS_TIME 1
#define HAVE_SELECT 1
#define HAVE_STRERROR 1
#define HAVE_STRNCPY 1
#define HAVE_MEMCPY 1
#define HAVE_USB_H 1
#define HAVE_USB_DETACH_KERNEL_DRIVER_NP 1
#define HAVE_PTHREAD 1
#define BUNDLE "ifd-ccid.bundle"
#define PCSCLITE_HP_DROPDIR "/usr/lib/pcsc/drivers"

configure: exit 0
